1044 0.794887542725
1044 0.740051269531
1019 0.719785690308
959 0.724077224731
959 0.726938247681
946 0.723123550415
937 0.722169876099
931 0.722885131836
931 0.725984573364
929 0.725030899048
929 0.753879547119
899 0.735998153687
899 0.756025314331
890 0.739097595215
890 0.740051269531
863 0.869035720825
863 0.74291229248
863 0.786781311035
863 0.746965408325
843 0.747203826904
843 0.750064849854
843 0.756978988647
843 0.751972198486
843 0.754117965698
843 0.762939453125
824 0.762939453125
824 0.745058059692
813 0.739812850952
751 0.741004943848
745 0.745058059692
745 0.744104385376
745 0.806093215942
745 0.75101852417
743 0.816106796265
743 0.752925872803
743 0.753879547119
743 0.787019729614
733 0.755071640015
733 0.768899917603
733 0.75888633728
700 0.759840011597
673 0.791072845459
673 0.815868377686
673 0.76699256897
664 0.771999359131
664 0.770807266235
664 0.86498260498
664 0.776052474976
664 0.774145126343
660 0.775098800659
660 0.784158706665
660 0.849962234497
660 0.783205032349
654 0.817060470581
634 0.80394744873
634 0.849008560181
617 0.793933868408
592 0.793933868408
581 0.81992149353
578 0.795125961304
578 0.797033309937
578 0.811100006104
566 0.802993774414
548 0.807046890259
548 0.806093215942
548 0.805139541626
548 0.85711479187
548 0.809907913208
548 0.813007354736
548 0.813007354736
548 0.840902328491
548 0.886201858521
548 0.818967819214
548 0.818967819214
541 0.863075256348
533 0.832080841064
533 0.827789306641
527 0.828981399536
514 0.960111618042
514 0.830173492432
512 0.834941864014
512 0.834941864014
512 0.832080841064
512 0.834941864014
512 0.840902328491
512 0.83589553833
512 0.841856002808
512 0.84400177002
511 0.845909118652
510 0.854015350342
507 0.894069671631
506 0.848054885864
506 0.850915908813
506 0.919103622437
506 0.935077667236
506 0.861883163452
506 0.860929489136
506 0.859975814819
506 0.865936279297
497 0.885009765625
497 0.895977020264
497 0.882148742676
497 0.866889953613
497 0.880002975464
497 0.874996185303
497 0.874042510986
497 0.872135162354
497 0.887870788574
486 0.88095664978
486 0.881910324097
486 0.884056091309
486 0.909090042114
486 0.980138778687
486 1.07097625732
486 0.916004180908
486 0.892162322998
486 0.900030136108
486 0.894069671631
486 0.969886779785
486 0.970840454102
486 0.946044921875
486 0.900983810425
486 0.947952270508
486 0.908851623535
486 0.91290473938
482 0.912189483643
482 0.911951065063
482 0.91290473938
482 0.921964645386
477 0.92601776123
452 1.10721588135
452 1.05690956116
451 1.00588798523
451 0.969886779785
451 0.925064086914
451 0.92601776123
451 0.952005386353
451 0.977993011475
441 0.953197479248
436 0.932931900024
436 0.931024551392
430 0.943899154663
430 0.935077667236
430 0.938892364502
430 0.94199180603
430 0.944137573242
428 0.953912734985
428 0.969886779785
424 0.947952270508
423 0.975131988525
403 0.95009803772
403 0.953197479248
403 0.953912734985
403 1.00994110107
403 0.960111618042
390 0.960111618042
390 0.964164733887
389 0.958919525146
389 0.971794128418
388 0.963926315308
388 0.967979431152
388 0.970125198364
388 0.974893569946
388 0.97393989563
388 0.981092453003
388 1.02305412292
386 0.988960266113
386 0.981092453003
386 0.985145568848
386 0.984907150269
385 0.988006591797
384 0.986099243164
384 0.98991394043
384 1.03902816772
384 0.994920730591
384 0.993967056274
384 0.998973846436
384 0.994920730591
384 1.00803375244
384 1.00207328796
384 1.00088119507
382 1.04594230652
382 1.00898742676
382 1.13797187805
379 1.01017951965
379 1.01590156555
379 1.01399421692
379 1.01685523987
379 1.01494789124
373 1.02305412292
373 1.02019309998
370 1.02210044861
370 1.02496147156
370 1.07288360596
370 1.02782249451
368 1.0290145874
368 1.03187561035
368 1.08504295349
368 1.07288360596
368 1.03402137756
362 1.07598304749
362 1.04999542236
357 1.04594230652
357 1.04403495789
357 1.04594230652
357 1.04093551636
357 1.0449886322
357 1.04880332947
357 1.08194351196
357 1.05118751526
357 1.05309486389
357 1.10697746277
357 1.11293792725
357 1.0621547699
357 1.060962677
357 1.3267993927
357 1.09720230103
357 1.0929107666
357 1.0941028595
354 1.10507011414
354 1.12009048462
354 1.09791755676
354 1.10292434692
354 1.11985206604
354 1.08289718628
354 1.07789039612
354 1.08599662781
351 1.10697746277
351 1.20878219604
351 1.11293792725
351 1.10793113708
351 1.08790397644
349 1.09505653381
349 1.10006332397
349 1.09481811523
349 1.09887123108
349 1.09696388245
349 1.10220909119
349 1.10292434692
349 1.1088848114
349 1.10197067261
349 1.1100769043
349 1.13201141357
349 1.11103057861
341 1.140832901
341 1.13797187805
341 1.16014480591
329 1.12104415894
317 1.1248588562
317 1.12104415894
317 1.12390518188
317 1.12915039062
317 1.1670589447
317 1.12199783325
317 1.12891197205
317 1.13582611084
304 1.13105773926
304 1.17707252502
304 1.14107131958
304 1.1420249939
304 1.140832901
304 1.13797187805
304 1.19495391846
304 1.15299224854
302 1.1510848999
302 1.15489959717
302 1.1579990387
294 1.14989280701
294 1.15203857422
294 1.1579990387
294 1.15895271301
294 1.33681297302
292 1.16300582886
292 1.16395950317
292 1.16395950317
292 1.17802619934
289 1.16515159607
289 1.16300582886
289 1.16801261902
289 1.21998786926
289 1.17301940918
289 1.17301940918
289 1.18017196655
289 1.17993354797
289 1.17802619934
283 1.41596794128
277 1.2412071228
277 1.27792358398
277 1.24907493591
277 1.2218952179
275 1.2218952179
275 1.22308731079
275 1.22594833374
275 1.23000144958
275 1.2481212616
275 1.25813484192
275 1.24716758728
272 1.19996070862
272 1.27387046814
272 1.20496749878
272 1.20902061462
272 1.21188163757
265 1.21116638184
265 1.23596191406
265 1.24502182007
265 1.25503540039
263 1.25408172607
263 1.21998786926
263 1.2948513031
263 1.30987167358
263 1.24597549438
263 1.35016441345
262 1.30891799927
253 1.23381614685
253 1.24096870422
247 1.24192237854
247 1.23810768127
242 1.24192237854
242 1.2469291687
242 1.26719474792
242 1.24907493591
241 1.2469291687
241 1.24597549438
241 1.2571811676
241 1.25288963318
241 1.2948513031
241 1.30295753479
241 1.25694274902
241 1.25694274902
241 1.25885009766
241 1.26194953918
241 1.25908851624
241 1.26600265503
241 1.32083892822
241 1.31177902222
241 1.26600265503
241 1.30200386047
241 1.27601623535
241 1.31416320801
241 1.27696990967
241 1.27792358398
241 1.33514404297
241 1.28698348999
241 1.28388404846
241 1.28412246704
241 1.29199028015
241 1.29199028015
241 1.29389762878
241 1.29723548889
241 1.40190124512
241 1.3530254364
241 1.31106376648
241 1.296043396
241 1.34587287903
240 1.30701065063
240 1.30891799927
240 1.36017799377
240 1.34015083313
240 1.33395195007
240 1.30987167358
240 1.31487846375
240 1.31487846375
240 1.31297111511
236 1.41501426697
236 1.32012367249
236 1.32489204407
236 1.33395195007
236 1.32608413696
236 1.33204460144
236 1.33204460144
236 1.32608413696
235 1.35707855225
235 1.34491920471
235 1.33395195007
235 1.33419036865
235 1.40595436096
235 1.35898590088
235 1.34611129761
235 1.39594078064
235 1.38807296753
233 1.34491920471
233 1.3530254364
233 1.34897232056
233 1.34491920471
233 1.35517120361
233 1.46198272705
233 1.35898590088
233 1.36399269104
233 1.42383575439
233 1.36494636536
233 1.36613845825
233 1.36613845825
233 1.41286849976
233 1.36995315552
233 1.40976905823
233 1.37901306152
233 1.38211250305
233 1.37090682983
233 1.38187408447
233 1.4500617981
233 1.38211250305
227 1.39498710632
227 1.3861656189
222 1.38306617737
222 1.39498710632
222 1.38998031616
222 1.43599510193
218 1.4009475708
218 1.45983695984
218 2.20394134521
216 1.51491165161
216 1.48892402649
213 1.42908096313
213 1.40714645386
213 1.41000747681
213 1.41406059265
213 1.41310691833
213 1.4181137085
213 1.41310691833
213 1.52206420898
213 1.42502784729
213 1.46508216858
213 1.42621994019
213 1.51300430298
213 1.42097473145
213 1.44696235657
213 1.42884254456
213 1.43098831177
213 1.44100189209
206 1.43003463745
206 1.43599510193
199 1.45602226257
199 1.48105621338
199 1.4431476593
199 1.5070438385
199 1.44505500793
199 1.45101547241
199 1.44600868225
199 1.45411491394
197 1.47199630737
196 1.49011611938
196 1.45506858826
196 1.46198272705
196 1.45983695984
196 1.46389007568
196 1.50585174561
196 1.51896476746
196 1.47008895874
196 1.55186653137
196 1.59096717834
196 1.54590606689
196 1.47390365601
196 1.59192085266
194 1.47795677185
194 1.53803825378
194 1.50585174561
194 1.54590606689
194 1.47795677185
194 1.50895118713
194 1.53398513794
194 1.4979839325
194 1.49297714233
194 1.49917602539
194 1.49703025818
194 1.50179862976
194 1.50203704834
194 1.49893760681
194 1.54304504395
194 1.50799751282
194 1.50394439697
194 1.50609016418
194 1.51300430298
194 1.56283378601
194 1.51491165161
194 1.51491165161
194 1.56188011169
194 1.52277946472
194 1.51801109314
194 1.54304504395
194 1.54590606689
194 1.52611732483
194 1.52516365051
194 1.52897834778
194 1.52683258057
194 1.54089927673
194 1.67393684387
194 1.53708457947
194 1.53398513794
194 1.53684616089
192 1.5869140625
192 1.54614448547
192 1.55210494995
192 1.5869140625
192 1.54495239258
192 1.56283378601
192 1.54685974121
192 1.67107582092
192 1.68704986572
192 1.55782699585
192 1.58500671387
192 1.56116485596
192 1.56116485596
192 1.56807899475
192 1.56497955322
192 1.56807899475
192 1.56497955322
192 1.57308578491
192 1.56712532043
192 1.59406661987
192 1.62506103516
192 1.64294242859
191 1.57880783081
191 1.58405303955
191 1.58190727234
191 1.59406661987
191 1.79314613342
191 1.59502029419
191 1.58286094666
191 1.59192085266
191 1.63507461548
191 1.6348361969
191 1.64890289307
191 1.59287452698
191 1.5971660614
191 1.60789489746
191 1.59811973572
191 1.60694122314
191 1.60098075867
191 1.60813331604
182 1.60694122314
182 1.64890289307
182 1.61099433899
182 1.61123275757
182 1.66010856628
182 1.620054245
182 1.61695480347
182 1.62696838379
182 1.62315368652
182 1.62100791931
182 1.64580345154
181 1.67894363403
181 1.62887573242
181 1.62887573242
181 1.63984298706
181 1.65987014771
181 1.64294242859
181 1.64103507996
181 1.64008140564
181 1.64198875427
181 1.63817405701
181 1.68704986572
181 1.65915489197
181 1.65104866028
173 1.65104866028
173 1.65104866028
173 1.65987014771
173 1.75094604492
173 1.66511535645
173 1.77502632141
173 1.77597999573
173 1.73401832581
173 1.65891647339
173 1.6610622406
173 1.66177749634
173 1.66797637939
173 1.67202949524
173 1.66702270508
173 1.68013572693
173 1.72805786133
173 1.68919563293
173 1.70302391052
173 1.6770362854
173 1.68585777283
173 1.68299674988
173 1.81603431702
173 1.68299674988
173 1.69396400452
173 1.69014930725
172 1.71303749084
171 1.77812576294
171 1.6930103302
171 1.72591209412
171 1.69515609741
171 1.69992446899
171 1.70302391052
171 1.70111656189
171 1.71494483948
171 1.70397758484
171 1.7101764679
171 1.74999237061
171 1.76501274109
171 1.76000595093
171 1.7101764679
171 1.72114372253
171 1.71494483948
171 1.72090530396
171 1.71804428101
171 1.72400474548
171 1.72209739685
170 1.7671585083
170 1.73997879028
170 1.73783302307
170 1.86800956726
170 1.73401832581
170 1.73497200012
170 1.73592567444
170 1.74808502197
170 1.74021720886
170 1.78694725037
167 1.74880027771
165 1.7421245575
165 1.75213813782
165 1.74713134766
165 1.80792808533
165 1.75094604492
165 1.76310539246
165 1.75714492798
163 1.75905227661
163 1.80506706238
163 1.76191329956
163 1.77311897278
163 1.82914733887
163 1.90091133118
163 1.78790092468
163 1.82509422302
163 1.8138885498
161 1.77001953125
161 1.82604789734
161 1.77407264709
161 1.78194046021
161 1.91712379456
161 1.78384780884
161 1.78098678589
161 1.79600715637
161 1.78909301758
161 1.79696083069
161 1.83892250061
143 1.79600715637
143 1.80387496948
143 1.79886817932
143 1.88207626343
143 1.7991065979
143 1.81102752686
143 1.80101394653
143 1.81198120117
143 1.85394287109
142 1.81698799133
142 1.81913375854
141 1.81102752686
141 1.81293487549
141 1.81818008423
141 1.89399719238
141 1.82485580444
141 1.84321403503
141 1.82414054871
141 1.85298919678
141 1.96194648743
141 1.83296203613
141 1.87492370605
141 1.8458366394
141 1.83701515198
141 1.84392929077
141 1.88803672791
141 1.8789768219
141 1.85084342957
141 1.84488296509
141 1.85298919678
141 1.84607505798
141 1.84893608093
141 1.84988975525
141 1.85298919678
141 1.85108184814
139 1.92809104919
139 1.85608863831
139 1.86395645142
139 1.85894966125
139 1.85990333557
139 1.87206268311
139 1.86991691589
136 1.87110900879
136 1.86800956726
136 1.89709663391
136 1.8789768219
136 1.99890136719
130 1.87706947327
130 1.90806388855
130 1.87611579895
130 1.88899040222
130 1.89185142517
130 1.88684463501
130 1.95002555847
130 1.91617012024
130 1.89399719238
130 1.94716453552
130 1.91712379456
130 1.89399719238
130 1.89280509949
130 1.90305709839
130 1.94191932678
130 1.94382667542
130 1.90305709839
130 2.032995224
130 1.90091133118
130 1.90496444702
130 1.96695327759
130 1.91783905029
130 1.92284584045
130 1.93881988525
130 1.92189216614
130 2.0489692688
130 1.9268989563
130 1.91903114319
130 1.93786621094
130 1.92499160767
130 2.05087661743
130 2.13289260864
130 2.14385986328
130 2.04610824585
130 2.09999084473
130 2.09093093872
130 2.14099884033
128 2.04682350159
128 2.08020210266
128 2.12097167969
128 1.99103355408
128 1.97887420654
128 1.98698043823
128 1.9748210907
128 2.00200080872
128 1.96504592896
128 1.96385383606
128 1.96886062622
128 2.00295448303
128 2.12502479553
128 1.96719169617
128 1.9679069519
128 1.96695327759
128 1.98197364807
128 1.96814537048
128 1.98006629944
128 2.01892852783
128 1.97792053223
128 1.9838809967
128 2.03585624695
128 1.97291374207
128 1.98698043823
128 1.98698043823
128 1.98888778687
128 2.00796127319
128 1.97982788086
128 2.03609466553
128 2.13003158569
128 2.13408470154
128 2.06613540649
127 1.99413299561
127 1.99699401855
127 1.99294090271
127 2.05302238464
127 2.12812423706
127 2.00796127319
127 2.00295448303
127 2.01392173767
127 2.05302238464
127 2.02703475952
127 2.03990936279
127 2.01296806335
127 2.03800201416
127 2.14886665344
127 2.1607875824
127 2.16698646545
127 2.16794013977
127 2.20012664795
127 2.0592212677
127 2.04205513
127 2.05612182617
127 2.04396247864
127 2.07996368408
127 2.08306312561
127 2.06804275513
127 2.10905075073
127 2.1378993988
127 2.10809707642
127 2.11691856384
127 2.18892097473
127 2.17485427856
127 2.09593772888
127 2.1288394928
127 2.09498405457
127 2.06804275513
127 2.0580291748
127 2.16794013977
127 2.07591056824
127 2.06589698792
127 2.06184387207
127 2.06184387207
127 2.06804275513
127 2.38394737244
127 2.19988822937
127 2.16889381409
127 2.14290618896
127 2.11501121521
127 2.18391418457
127 2.08401679993
127 2.0809173584
127 2.23994255066
127 2.07901000977
127 2.09403038025
127 2.0899772644
126 2.08783149719
126 2.13503837585
126 2.0899772644
126 2.08497047424
126 2.14099884033
126 2.0968914032
126 2.1059513092
126 2.23588943481
126 2.12597846985
126 2.14195251465
126 2.09999084473
126 2.10499763489
126 2.14099884033
126 2.12097167969
126 2.11310386658
126 2.10905075073
126 2.10809707642
126 2.15792655945
126 2.24614143372
126 2.14791297913
126 2.11191177368
126 2.43377685547
126 2.12717056274
126 2.17795372009
126 2.15291976929
126 2.13003158569
126 2.14982032776
126 2.20799446106
126 2.15911865234
126 2.23207473755
126 2.16484069824
126 2.18796730042
126 2.16603279114
125 2.13980674744
125 2.21490859985
123 2.17199325562
123 2.2120475769
123 2.15196609497
123 2.14910507202
123 2.18296051025
123 2.18796730042
123 2.28500366211
123 2.16722488403
123 2.19106674194
123 2.26998329163
121 2.2189617157
121 2.20918655396
121 2.1960735321
121 2.22301483154
121 2.17008590698
121 2.23207473755
121 2.17700004578
121 2.1870136261
121 2.18605995178
121 2.21991539001
121 2.18892097473
121 2.18200683594
121 2.21610069275
121 2.40015983582
121 2.29501724243
121 2.36105918884
121 2.27904319763
121 2.34293937683
121 2.31194496155
121 2.31099128723
121 2.19297409058
121 2.2931098938
119 2.21490859985
119 2.24113464355
119 2.27403640747
119 2.20108032227
118 2.20704078674
118 2.25305557251
117 2.22206115723
117 2.20203399658
117 2.2599697113
117 2.20894813538
117 2.21300125122
117 2.21490859985
117 2.24304199219
117 2.2280216217
117 2.22015380859
117 2.23207473755
117 2.3558139801
117 2.24304199219
117 2.22706794739
117 2.24113464355
117 2.23803520203
117 2.23517417908
117 2.24208831787
117 2.23398208618
117 2.25901603699
117 2.28595733643
117 2.24018096924
117 2.28500366211
117 2.25114822388
117 2.34293937683
117 2.2509098053
117 2.28905677795
117 2.27189064026
117 2.32100486755
117 2.2611618042
117 2.25901603699
117 2.32291221619
117 2.37083435059
117 2.29597091675
117 2.2828578949
116 2.30288505554
116 2.27689743042
116 2.33197212219
116 2.27212905884
116 2.27403640747
116 2.2759437561
116 2.29001045227
116 2.27189064026
116 2.28691101074
116 2.33793258667
116 2.34603881836
116 2.29787826538
116 2.28500366211
116 2.29096412659
116 2.28595733643
116 2.2931098938
116 2.3341178894
116 2.30407714844
116 2.4299621582
116 2.29597091675
116 2.30288505554
116 2.30097770691
116 2.31599807739
116 2.34007835388
116 2.3078918457
116 2.30503082275
116 2.36105918884
116 2.31909751892
116 2.3090839386
116 2.31218338013
116 2.36296653748
116 2.31790542603
116 2.32791900635
116 2.31885910034
116 2.31599807739
114 2.41804122925
114 2.38490104675
114 2.37798690796
114 2.33197212219
114 2.46596336365
114 2.33006477356
114 2.34007835388
114 2.40302085876
113 2.39396095276
113 2.36082077026
113 2.357006073
113 2.3980140686
113 2.40087509155
113 2.39086151123
113 2.37894058228
113 2.3500919342
113 2.4721622467
113 2.40015983582
113 2.3820400238
113 2.39706039429
113 2.40206718445
113 2.43306159973
113 2.39515304565
113 2.37011909485
113 2.53701210022
113 2.48694419861
113 2.37202644348
113 2.38609313965
113 2.42590904236
113 2.37607955933
113 2.42590904236
113 2.37607955933
113 2.38299369812
113 2.38299369812
113 2.38513946533
113 2.38800048828
113 2.44402885437
113 2.51698493958
113 2.39276885986
113 2.39706039429
113 2.39896774292
113 2.40015983582
113 2.41208076477
113 2.50697135925
113 2.42686271667
113 2.41303443909
113 2.4139881134
113 2.41589546204
113 2.40683555603
113 2.43282318115
113 2.5200843811
