458 0.520944595337
440 0.383853912354
440 0.380992889404
413 0.466108322144
413 0.379085540771
395 0.378131866455
373 0.377178192139
354 0.380992889404
354 0.40602684021
352 0.384092330933
350 0.388145446777
342 0.388860702515
342 0.389814376831
342 0.415802001953
336 0.397920608521
315 0.397205352783
315 0.397920608521
315 0.398874282837
315 0.401020050049
307 0.401973724365
303 0.406980514526
303 0.409126281738
303 0.411033630371
280 0.43797492981
280 0.473022460938
261 0.416994094849
261 0.416994094849
261 0.428915023804
260 0.432968139648
260 0.422954559326
260 0.444889068604
260 0.426054000854
259 0.459909439087
259 0.432968139648
259 0.43511390686
259 0.434875488281
259 0.437021255493
250 0.438928604126
250 0.441789627075
250 0.440835952759
248 0.443935394287
239 0.448942184448
239 0.447034835815
239 0.448942184448
239 0.453948974609
239 0.555038452148
239 0.457048416138
239 0.478029251099
239 0.458002090454
239 0.463008880615
239 0.484943389893
237 0.464916229248
237 0.466823577881
237 0.466823577881
237 0.468015670776
237 0.472068786621
229 0.475883483887
206 0.475883483887
206 0.502824783325
206 0.47779083252
206 0.48303604126
206 0.485897064209
206 0.485897064209
206 0.485897064209
197 0.488042831421
197 0.661849975586
196 0.494003295898
196 0.494003295898
196 0.497102737427
196 0.498056411743
196 0.520944595337
196 0.499963760376
196 0.503063201904
196 0.52809715271
196 0.508069992065
196 0.509023666382
188 0.509023666382
188 0.511169433594
188 0.510931015015
188 0.534057617188
188 0.515937805176
188 0.545978546143
188 0.519990921021
188 0.552892684937
183 0.526905059814
183 0.524044036865
183 0.526905059814
183 0.52809715271
162 0.555038452148
162 0.554084777832
160 0.531196594238
160 0.533103942871
160 0.539064407349
160 0.540971755981
160 0.540971755981
160 0.557899475098
160 0.577926635742
160 0.565052032471
156 0.548124313354
156 0.552892684937
156 0.612020492554
156 0.540971755981
156 0.556945800781
156 0.553131103516
156 0.54407119751
156 0.548124313354
156 0.549077987671
156 0.573873519897
156 0.550985336304
156 0.555038452148
156 0.601053237915
156 0.556945800781
156 0.558853149414
156 0.56004524231
152 0.564813613892
152 0.563859939575
152 0.564813613892
152 0.617980957031
152 0.638008117676
152 0.57315826416
152 0.574111938477
152 0.575065612793
152 0.576019287109
152 0.591039657593
149 0.582933425903
149 0.598192214966
149 0.600099563599
149 0.59986114502
147 0.591993331909
147 0.591039657593
147 0.59700012207
147 0.593900680542
147 0.597953796387
147 0.730991363525
147 0.59986114502
147 0.601053237915
147 0.604867935181
140 0.646829605103
140 0.608921051025
140 0.609159469604
127 0.610113143921
127 0.609874725342
127 0.612020492554
127 0.622034072876
127 0.616073608398
127 0.622987747192
127 0.624179840088
125 0.62108039856
125 0.648021697998
123 0.632047653198
123 0.627994537354
123 0.642061233521
123 0.642061233521
123 0.685930252075
116 0.663995742798
116 0.642061233521
114 0.638961791992
114 0.640869140625
114 0.643968582153
114 0.643968582153
114 0.646114349365
114 0.65803527832
114 0.653028488159
114 0.703811645508
114 0.698089599609
114 0.655889511108
114 0.656843185425
114 0.663042068481
114 0.665903091431
114 0.665187835693
114 0.663995742798
114 0.664949417114
114 0.669002532959
114 0.671148300171
114 0.67400932312
114 0.677108764648
114 0.675916671753
114 0.68187713623
114 0.756025314331
114 0.735998153687
114 0.68998336792
114 0.684976577759
114 0.689029693604
114 0.690221786499
114 0.689029693604
114 0.690937042236
107 0.696182250977
107 0.737905502319
107 0.726222991943
107 0.701904296875
107 0.705003738403
107 0.703096389771
100 0.756025314331
100 0.705003738403
100 0.70595741272
100 0.710964202881
100 0.71907043457
100 0.712871551514
97 0.71382522583
97 0.715017318726
97 0.736951828003
97 0.75101852417
97 0.722885131836
97 0.725030899048
97 0.722169876099
96 0.725984573364
96 0.888109207153
96 0.734090805054
96 0.765085220337
96 0.736951828003
96 0.780820846558
96 0.736951828003
96 0.746011734009
96 0.737190246582
96 0.74291229248
96 0.799894332886
95 0.797986984253
95 0.763893127441
95 0.790119171143
95 0.776052474976
95 0.767946243286
95 0.756025314331
95 0.779151916504
95 0.778913497925
95 0.771999359131
95 0.762939453125
91 0.761985778809
91 0.777006149292
87 0.769853591919
87 0.770807266235
87 0.794887542725
87 0.81992149353
87 0.78010559082
87 0.776052474976
87 0.780820846558
87 0.781059265137
87 0.78296661377
87 0.787973403931
87 0.792026519775
87 0.787973403931
87 0.789880752563
87 0.79083442688
86 0.801801681519
86 0.854015350342
86 0.825166702271
82 0.817060470581
80 0.802040100098
80 0.805139541626
80 0.805139541626
80 0.811100006104
80 0.805854797363
80 0.808000564575
80 0.856161117554
80 0.809907913208
80 0.815153121948
80 0.842094421387
80 0.823020935059
80 0.827789306641
80 0.827074050903
80 0.824928283691
80 0.823974609375
80 0.831127166748
76 0.827074050903
76 0.869989395142
76 0.88906288147
76 0.832080841064
76 0.869035720825
76 0.945091247559
76 0.882863998413
76 0.839948654175
76 0.84400177002
76 0.858068466187
76 0.866889953613
76 0.849008560181
76 0.859022140503
76 0.858068466187
75 0.854015350342
75 0.853061676025
75 0.883102416992
75 0.860929489136
75 0.869035720825
75 0.865936279297
75 0.879049301147
75 0.933885574341
75 0.898838043213
75 0.866889953613
75 0.870943069458
75 0.874042510986
75 0.874042510986
75 0.932216644287
75 0.925064086914
75 0.88095664978
75 0.881910324097
72 0.887155532837
72 0.887155532837
72 0.892877578735
72 0.886917114258
72 0.890016555786
72 0.899791717529
72 0.915050506592
72 0.916957855225
72 0.97393989563
72 0.908136367798
72 0.900983810425
72 0.901937484741
72 0.955104827881
72 0.909090042114
72 0.905990600586
72 0.910043716431
72 0.957012176514
72 0.969886779785
72 0.927925109863
72 0.919818878174
72 0.918865203857
70 0.916957855225
70 0.929117202759
70 0.924110412598
70 0.92601776123
70 0.926971435547
70 1.00684165955
70 0.948905944824
70 1.06406211853
70 0.934839248657
70 0.943899154663
70 0.936985015869
70 0.942945480347
70 0.988960266113
70 0.944852828979
70 0.943899154663
70 0.946044921875
70 0.948190689087
70 0.97393989563
70 0.958919525146
70 0.956058502197
70 0.998973846436
70 0.958919525146
70 0.985860824585
70 0.988006591797
70 0.958919525146
70 0.962972640991
70 0.970125198364
70 1.01590156555
70 0.972032546997
70 1.01208686829
70 0.977039337158
70 0.975131988525
70 0.97393989563
70 0.978946685791
70 0.990152359009
70 0.982999801636
70 1.00803375244
70 0.984907150269
70 1.0039806366
70 1.01900100708
70 0.990152359009
70 0.991106033325
70 0.996112823486
70 0.994920730591
70 0.998020172119
70 0.997066497803
68 1.10006332397
68 1.00016593933
68 1.00493431091
68 1.00088119507
68 1.01208686829
68 1.00588798523
68 1.00994110107
68 1.00803375244
68 1.01613998413
68 1.10006332397
68 1.07002258301
68 1.03306770325
68 1.02591514587
68 1.02090835571
68 1.02686882019
68 1.02519989014
68 1.07192993164
68 1.0290145874
68 1.07789039612
68 1.03688240051
68 1.03497505188
68 1.03402137756
68 1.04212760925
68 1.0449886322
68 1.0461807251
68 1.07097625732
68 1.11317634583
68 1.07312202454
68 1.05094909668
68 1.05905532837
68 1.06000900269
68 1.09791755676
68 1.09601020813
68 1.05500221252
68 1.06596946716
68 1.06287002563
68 1.11413002014
68 1.06310844421
68 1.06906890869
68 1.06906890869
68 1.10816955566
68 1.12509727478
68 1.06906890869
68 1.07097625732
68 1.07407569885
68 1.11293792725
68 1.08098983765
68 1.12199783325
68 1.07789039612
68 1.08885765076
68 1.0871887207
68 1.08790397644
68 1.09601020813
68 1.12509727478
68 1.16395950317
68 1.09601020813
68 1.18899345398
68 1.09815597534
68 1.09815597534
68 1.1088848114
68 1.10197067261
68 1.12414360046
68 1.12891197205
68 1.11699104309
68 1.11293792725
68 1.10793113708
68 1.12104415894
68 1.11699104309
68 1.13487243652
68 1.12390518188
68 1.24311447144
68 1.12414360046
68 1.12509727478
68 1.13105773926
68 1.12414360046
68 1.1260509491
68 1.16896629333
68 1.13821029663
68 1.13201141357
68 1.16205215454
68 1.13987922668
68 1.13987922668
68 1.13892555237
68 1.14107131958
68 1.16014480591
68 1.18207931519
68 1.18899345398
68 1.20615959167
68 1.15299224854
68 1.15418434143
68 1.2218952179
68 1.15704536438
68 1.16300582886
68 1.16276741028
68 1.16586685181
68 1.28889083862
68 1.16682052612
68 1.17683410645
66 1.16801261902
66 1.25002861023
66 1.24597549438
66 1.21593475342
66 1.17802619934
65 1.27005577087
65 1.21903419495
65 1.18112564087
65 1.20496749878
65 1.21283531189
65 1.21402740479
65 1.1990070343
65 1.20997428894
65 1.22594833374
65 1.27100944519
65 1.21283531189
65 1.1990070343
65 1.19590759277
65 1.20306015015
65 1.20997428894
65 1.22284889221
65 1.27482414246
65 1.23286247253
65 1.2309551239
65 1.20711326599
65 1.22117996216
65 1.21188163757
65 1.21283531189
65 1.27601623535
65 1.22404098511
65 1.21903419495
65 1.22404098511
65 1.22594833374
65 1.22284889221
65 1.27100944519
65 1.23286247253
65 1.33991241455
65 1.2788772583
65 1.24311447144
65 1.23500823975
65 1.23596191406
65 1.26099586487
65 1.30391120911
65 1.24096870422
65 1.28102302551
65 1.24716758728
65 1.29413604736
65 1.25408172607
64 1.25694274902
64 1.25408172607
64 1.25980377197
64 1.30796432495
64 1.27601623535
64 1.25789642334
64 1.34897232056
64 1.27696990967
64 1.26719474792
64 1.27816200256
64 1.31487846375
64 1.29389762878
64 1.30391120911
64 1.2731552124
64 1.27506256104
64 1.30414962769
64 1.29699707031
64 1.27601623535
63 1.29103660583
63 1.35898590088
63 1.32894515991
62 1.29413604736
62 1.29294395447
62 1.29699707031
62 1.34110450745
62 1.29103660583
62 1.36303901672
62 1.37281417847
62 1.30486488342
62 1.30605697632
62 1.30200386047
62 1.36613845825
62 1.42002105713
62 1.30987167358
61 1.36280059814
61 1.35588645935
61 1.32894515991
61 1.36303901672
61 1.32989883423
61 1.32513046265
61 1.32513046265
61 1.34897232056
61 1.34992599487
61 1.34778022766
61 1.41906738281
61 1.36303901672
61 1.3370513916
61 1.34110450745
61 1.42192840576
61 1.37710571289
61 1.34205818176
61 1.37305259705
61 1.34205818176
61 1.34301185608
61 1.37186050415
61 1.37495994568
61 1.34682655334
61 1.43790245056
61 1.41096115112
61 1.38902664185
61 1.35517120361
61 1.38306617737
61 1.49893760681
61 1.36590003967
61 1.36590003967
61 1.37305259705
61 1.36685371399
61 1.38187408447
61 1.50012969971
61 1.37209892273
61 1.37114524841
61 1.4021396637
61 1.41000747681
61 1.4271736145
61 1.37710571289
61 1.37996673584
61 1.44505500793
61 1.44696235657
60 1.38902664185
60 1.45101547241
60 1.41406059265
60 1.38807296753
60 1.40285491943
60 1.42002105713
60 1.44195556641
60 1.76501274109
60 1.39904022217
60 1.43313407898
60 1.40595436096
60 1.43098831177
60 1.47104263306
60 1.44600868225
60 1.41000747681
60 1.4340877533
60 1.41191482544
60 1.41906738281
60 1.60503387451
60 1.49583816528
60 1.50299072266
60 1.4979839325
60 1.55091285706
60 1.50799751282
60 1.51014328003
60 1.4660358429
60 1.49822235107
60 1.49488449097
60 1.45888328552
60 1.47891044617
60 1.44100189209
59 1.57785415649
59 1.44100189209
59 1.44410133362
59 1.49989128113
59 1.48582458496
58 1.50489807129
58 1.45196914673
58 1.4750957489
58 1.4820098877
58 1.53493881226
58 1.51300430298
58 1.67298316956
58 1.46079063416
58 1.51991844177
58 1.46389007568
58 1.47199630737
58 1.50990486145
58 1.47485733032
58 1.50585174561
58 1.48987770081
58 1.63197517395
58 1.48987770081
58 1.48010253906
58 1.5549659729
58 1.59001350403
57 1.53112411499
57 1.59192085266
57 1.51610374451
57 1.49297714233
57 1.49583816528
57 1.49393081665
57 1.54805183411
57 1.52611732483
57 1.50179862976
57 1.50990486145
57 1.50108337402
57 1.5082359314
57 1.55687332153
57 1.52802467346
57 1.56211853027
57 1.61504745483
57 1.63698196411
57 1.52993202209
57 1.51705741882
57 1.51920318604
57 1.55305862427
57 1.51705741882
57 1.5389919281
57 1.55782699585
57 1.52587890625
57 1.58095359802
57 1.63412094116
57 1.56807899475
57 1.58405303955
57 1.57713890076
57 1.54399871826
57 1.53994560242
57 1.57403945923
55 1.58500671387
55 1.60717964172
55 1.57904624939
55 1.54900550842
55 1.5561580658
54 1.71995162964
54 1.59406661987
54 1.64198875427
54 1.59883499146
54 1.62982940674
54 1.57308578491
54 1.68204307556
54 1.59406661987
54 1.65987014771
54 1.61814689636
54 1.60694122314
54 1.5709400177
54 1.62410736084
54 1.57690048218
54 1.57713890076
54 1.5721321106
54 1.67202949524
54 1.84202194214
54 1.72281265259
54 1.60002708435
54 1.62601470947
54 1.59192085266
54 1.5869140625
54 1.58905982971
54 1.6610622406
54 1.59502029419
54 1.67107582092
54 1.62315368652
54 1.59502029419
54 1.60098075867
54 1.65319442749
54 1.61600112915
54 1.60479545593
54 1.60598754883
54 1.61504745483
54 1.67107582092
53 1.72591209412
53 1.64389610291
53 1.62816047668
53 1.6450881958
53 1.65104866028
53 1.66201591492
53 1.65486335754
53 1.62792205811
53 1.62315368652
53 1.62696838379
53 1.65796279907
53 1.64318084717
53 1.76596641541
53 1.63984298706
53 1.71184539795
53 1.63793563843
53 1.64103507996
53 1.6918182373
53 1.67083740234
53 1.64794921875
53 1.68395042419
53 1.69706344604
53 1.64914131165
53 1.65510177612
53 1.73401832581
53 1.69706344604
53 1.66082382202
53 1.66082382202
53 1.66893005371
53 1.66702270508
53 1.79600715637
53 1.67989730835
53 1.66606903076
51 1.67894363403
51 1.69205665588
51 1.66988372803
51 1.76501274109
51 1.67298316956
51 1.68704986572
51 1.6758441925
51 1.79576873779
51 1.68800354004
51 1.81007385254
51 1.68919563293
51 1.71494483948
51 1.69992446899
51 1.69110298157
51 2.48503684998
51 1.70397758484
51 1.75404548645
51 1.73687934875
51 1.70111656189
51 1.85608863831
51 1.74283981323
51 1.7077922821
51 1.71184539795
51 1.72400474548
51 1.70803070068
51 1.76501274109
51 1.71589851379
51 1.72185897827
51 1.71685218811
51 1.71995162964
51 1.77192687988
51 1.72305107117
51 1.73401832581
51 1.72305107117
51 1.72781944275
51 1.75499916077
51 1.87706947327
51 1.78718566895
51 1.73306465149
51 1.78503990173
51 1.73711776733
51 1.7409324646
51 1.76692008972
51 1.74593925476
51 1.7409324646
51 1.84202194214
51 1.76000595093
51 1.797914505
51 1.75499916077
51 1.78909301758
51 1.75285339355
51 1.75595283508
51 1.78718566895
51 1.80506706238
51 1.76119804382
51 1.76596641541
51 1.76501274109
51 1.7728805542
51 1.83606147766
51 1.80006027222
51 1.77001953125
51 1.77311897278
51 1.78003311157
51 1.90305709839
51 1.80697441101
51 1.77311897278
51 1.78909301758
51 1.82604789734
51 1.79004669189
51 1.83916091919
51 1.79600715637
51 1.83486938477
51 1.90901756287
51 1.80697441101
51 1.81412696838
51 1.80006027222
51 1.8458366394
51 1.80292129517
51 1.80101394653
51 1.85585021973
51 1.80792808533
51 1.82580947876
51 1.83010101318
51 1.8630027771
51 1.83701515198
51 1.85799598694
51 1.86491012573
51 1.82294845581
51 1.82008743286
51 1.90711021423
51 1.87397003174
51 1.90591812134
51 1.83296203613
51 1.83296203613
51 1.92308425903
51 1.83582305908
51 1.83200836182
51 1.83200836182
51 1.8470287323
50 1.86491012573
50 1.87516212463
50 1.85298919678
49 1.86991691589
49 1.88779830933
49 1.93786621094
49 1.92594528198
49 1.85179710388
49 1.88302993774
49 1.92594528198
49 1.90305709839
49 1.87993049622
49 1.86681747437
49 1.90687179565
49 1.86991691589
49 1.86204910278
49 1.99794769287
49 1.87110900879
49 1.96599960327
49 1.90901756287
49 1.88612937927
48 1.89018249512
48 1.91307067871
48 1.87492370605
48 1.88398361206
48 1.88517570496
48 1.94907188416
47 1.88493728638
47 1.88207626343
47 1.88684463501
47 1.88803672791
47 1.95813179016
47 1.89399719238
47 1.89781188965
47 1.89280509949
47 1.92594528198
47 1.97815895081
47 1.91307067871
47 1.89995765686
47 2.00605392456
47 1.90711021423
47 2.03800201416
47 1.91116333008
47 1.92594528198
47 1.99198722839
47 1.92213058472
47 1.96313858032
47 1.94001197815
47 1.95980072021
47 1.9268989563
47 1.96194648743
47 1.95813179016
47 1.92594528198
47 1.92284584045
47 1.92999839783
47 1.92594528198
47 2.04300880432
47 1.93500518799
47 1.93309783936
47 1.93309783936
47 1.98197364807
46 2.05397605896
46 1.9838809967
46 1.94406509399
46 2.00319290161
46 2.12001800537
46 1.98698043823
46 1.95598602295
46 1.98292732239
46 2.09999084473
46 2.04086303711
46 1.99580192566
46 1.99604034424
46 1.9690990448
46 2.03108787537
46 1.9690990448
46 1.97505950928
46 1.97601318359
46 1.98292732239
46 2.00581550598
46 2.02107429504
46 1.99794769287
46 1.97792053223
46 1.97505950928
46 2.05683708191
46 2.00200080872
46 2.03514099121
46 2.10404396057
46 2.08902359009
46 2.14910507202
46 1.99317932129
46 2.00700759888
46 1.99604034424
46 1.99699401855
46 2.07614898682
46 2.00605392456
46 2.00605392456
46 2.05206871033
46 2.02488899231
44 2.01082229614
42 1.99699401855
39 2.02012062073
39 2.10094451904
39 2.08902359009
39 2.01511383057
39 2.06589698792
39 2.01797485352
39 2.06708908081
39 2.04110145569
39 2.03108787537
37 2.11811065674
37 2.06804275513
37 2.02894210815
37 2.20704078674
37 2.02703475952
37 2.04610824585
37 2.03704833984
37 2.03418731689
37 2.15697288513
37 2.18486785889
37 2.11381912231
37 2.14314460754
37 2.1059513092
37 2.05183029175
37 2.05397605896
37 2.05397605896
37 2.14886665344
37 2.0809173584
37 2.06422805786
37 2.09808349609
37 2.06303596497
37 2.05612182617
37 2.11191177368
37 2.06589698792
37 2.15482711792
37 2.07686424255
37 2.07281112671
37 2.26187705994
37 2.14505195618
37 2.08115577698
37 2.08497047424
37 2.07710266113
37 2.13599205017
37 2.08282470703
37 2.07710266113
37 2.1390914917
37 2.12001800537
37 2.10499763489
37 2.10285186768
37 2.10785865784
37 2.18796730042
37 2.11596488953
37 2.10905075073
37 2.14290618896
37 2.09999084473
