241 0.21505355835
241 0.195980072021
232 0.175952911377
200 0.210046768188
190 0.194072723389
176 0.179052352905
176 0.180959701538
164 0.184059143066
164 0.18310546875
164 0.184059143066
164 0.185966491699
164 0.242948532104
155 0.19097328186
155 0.192165374756
155 0.19383430481
155 0.196933746338
155 0.195980072021
155 0.198125839233
145 0.201940536499
145 0.202894210815
145 0.203132629395
145 0.204801559448
145 0.208139419556
145 0.271081924438
140 0.208854675293
140 0.211954116821
140 0.212907791138
140 0.213146209717
120 0.216007232666
120 0.22292137146
120 0.222206115723
120 0.221014022827
120 0.22292137146
105 0.283002853394
105 0.266075134277
105 0.231981277466
105 0.231027603149
105 0.233888626099
102 0.235080718994
84 0.236988067627
84 0.239133834839
84 0.258922576904
84 0.239133834839
84 0.241994857788
84 0.241994857788
84 0.242948532104
84 0.245094299316
84 0.246047973633
84 0.248908996582
82 0.250101089478
82 0.25200843811
82 0.252962112427
82 0.257968902588
82 0.256061553955
71 0.266075134277
64 0.262022018433
64 0.262975692749
64 0.262975692749
64 0.263929367065
64 0.269889831543
64 0.26798248291
64 0.320911407471
64 0.272035598755
64 0.272989273071
64 0.2760887146
64 0.277042388916
64 0.278949737549
64 0.280141830444
64 0.280857086182
64 0.285863876343
64 0.386953353882
64 0.296831130981
64 0.288963317871
64 0.288963317871
64 0.355958938599
56 0.293970108032
56 0.293970108032
56 0.319004058838
56 0.323057174683
56 0.324010848999
56 0.326156616211
56 0.328063964844
56 0.311851501465
56 0.306844711304
56 0.306844711304
56 0.309228897095
56 0.377178192139
56 0.310897827148
56 0.311851501465
56 0.313997268677
56 0.315189361572
56 0.318050384521
56 0.319957733154
56 0.320911407471
56 0.322103500366
56 0.323057174683
56 0.324964523315
56 0.328063964844
56 0.328063964844
56 0.333070755005
56 0.354051589966
56 0.333070755005
56 0.334978103638
56 0.339984893799
56 0.33712387085
56 0.343084335327
52 0.341892242432
52 0.342130661011
52 0.365972518921
52 0.347137451172
48 0.395059585571
48 0.355005264282
48 0.351905822754
48 0.353097915649
48 0.352144241333
48 0.355005264282
48 0.356912612915
48 0.358104705811
48 0.360012054443
48 0.364065170288
48 0.362873077393
48 0.367879867554
48 0.3662109375
48 0.366926193237
48 0.369071960449
48 0.370979309082
47 0.418901443481
47 0.377893447876
47 0.375986099243
47 0.379085540771
47 0.380039215088
47 0.452041625977
47 0.383138656616
47 0.385046005249
47 0.407934188843
47 0.385999679565
47 0.389099121094
47 0.389099121094
47 0.391960144043
47 0.391960144043
47 0.394821166992
47 0.447034835815
47 0.400066375732
47 0.400066375732
47 0.401973724365
47 0.401973724365
42 0.402927398682
42 0.40602684021
42 0.407934188843
42 0.410079956055
42 0.42986869812
42 0.462770462036
40 0.41389465332
40 0.416040420532
40 0.419139862061
39 0.416994094849
39 0.420093536377
39 0.42200088501
39 0.42200088501
39 0.447988510132
39 0.432968139648
39 0.427961349487
39 0.42986869812
39 0.431060791016
39 0.429153442383
39 0.432014465332
39 0.432968139648
39 0.43511390686
39 0.437021255493
39 0.442028045654
39 0.442981719971
39 0.486135482788
39 0.466108322144
39 0.44584274292
39 0.449180603027
39 0.447988510132
39 0.448942184448
39 0.449895858765
39 0.458002090454
39 0.519037246704
39 0.456094741821
39 0.458002090454
39 0.458955764771
39 0.460863113403
39 0.463008880615
39 0.462055206299
39 0.521183013916
39 0.504970550537
39 0.468969345093
39 0.486850738525
39 0.519037246704
39 0.476121902466
39 0.603914260864
39 0.475168228149
39 0.56791305542
39 0.478982925415
36 0.481843948364
36 0.483989715576
36 0.524997711182
36 0.486850738525
36 0.487804412842
36 0.489950180054
36 0.534057617188
36 0.492095947266
36 0.53596496582
36 0.496864318848
36 0.494956970215
36 0.496864318848
36 0.49901008606
36 0.502109527588
36 0.559091567993
36 0.505924224854
36 0.507116317749
36 0.504970550537
36 0.508785247803
36 0.509977340698
36 0.510931015015
36 0.547170639038
36 0.514030456543
36 0.516891479492
36 0.536203384399
33 0.56004524231
33 0.549077987671
33 0.519037246704
33 0.524044036865
33 0.529050827026
31 0.525951385498
31 0.532150268555
31 0.530004501343
31 0.530958175659
31 0.530958175659
31 0.535011291504
31 0.545978546143
31 0.539064407349
31 0.538110733032
31 0.542879104614
31 0.585079193115
31 0.543117523193
31 0.54407119751
31 0.548839569092
31 0.546932220459
31 0.550031661987
31 0.550031661987
31 0.550985336304
31 0.552892684937
31 0.581979751587
31 0.582218170166
31 0.604867935181
31 0.624179840088
31 0.602960586548
31 0.561952590942
31 0.561952590942
31 0.566959381104
31 0.596046447754
31 0.570058822632
31 0.570058822632
31 0.571966171265
31 0.573873519897
31 0.574111938477
31 0.576972961426
31 0.631093978882
31 0.579118728638
31 0.580072402954
31 0.581979751587
31 0.627040863037
31 0.586986541748
31 0.586032867432
31 0.62108039856
31 0.591993331909
31 0.590801239014
31 0.590801239014
31 0.591993331909
31 0.596046447754
31 0.653028488159
31 0.602006912231
31 0.601053237915
31 0.602006912231
29 0.602960586548
29 0.659942626953
29 0.643968582153
29 0.68211555481
29 0.611066818237
25 0.633001327515
25 0.643014907837
25 0.629186630249
25 0.614881515503
25 0.621795654297
25 0.617980957031
25 0.62108039856
25 0.62108039856
25 0.622987747192
25 0.646114349365
25 0.633001327515
25 0.627040863037
25 0.630140304565
25 0.630855560303
25 0.631809234619
25 0.634908676147
25 0.640153884888
25 0.638961791992
25 0.639915466309
25 0.640869140625
25 0.642061233521
25 0.64492225647
25 0.679969787598
25 0.711917877197
25 0.648975372314
25 0.648975372314
25 0.652074813843
24 0.704050064087
24 0.659942626953
24 0.657796859741
24 0.657796859741
24 0.66089630127
24 0.663042068481
24 0.660181045532
24 0.706911087036
24 0.685930252075
24 0.68211555481
24 0.684022903442
24 0.668048858643
24 0.672817230225
24 0.67400932312
24 0.674962997437
24 0.674962997437
24 0.675201416016
24 0.677824020386
24 0.679969787598
24 0.748872756958
24 0.720977783203
24 0.684022903442
24 0.684022903442
24 0.686168670654
24 0.687837600708
24 0.693798065186
24 0.691890716553
24 0.712156295776
24 0.710964202881
24 0.694990158081
24 0.700950622559
24 0.699043273926
24 0.725984573364
24 0.702142715454
24 0.706911087036
24 0.705003738403
24 0.725984573364
24 0.731945037842
24 0.726938247681
24 0.731945037842
24 0.730037689209
24 0.874042510986
24 0.733137130737
24 0.73504447937
24 0.732898712158
24 0.729084014893
23 0.718116760254
23 0.725984573364
23 0.720977783203
23 0.724792480469
23 0.728845596313
23 0.728845596313
23 0.738143920898
23 0.799894332886
23 0.730991363525
23 0.730991363525
23 0.756025314331
23 0.759124755859
23 0.761985778809
23 0.739097595215
23 0.746965408325
23 0.744104385376
23 0.747919082642
23 0.752210617065
23 0.748872756958
23 0.790119171143
23 0.80394744873
23 0.753879547119
23 0.765085220337
23 0.756025314331
23 0.759124755859
23 0.759840011597
23 0.761032104492
23 0.767946243286
23 0.79607963562
23 0.763893127441
23 0.808954238892
23 0.76699256897
23 0.822067260742
23 0.773906707764
23 0.77486038208
23 0.774145126343
23 0.777006149292
23 0.786066055298
23 0.782012939453
23 0.792980194092
23 0.849962234497
23 0.800132751465
23 0.791072845459
23 0.787973403931
23 0.790119171143
23 0.789880752563
23 0.792980194092
23 0.795841217041
23 0.826120376587
23 0.795125961304
23 0.839948654175
23 0.799179077148
23 0.808954238892
23 0.802040100098
23 0.806093215942
23 0.80394744873
23 0.937223434448
23 0.811815261841
23 0.808000564575
23 0.81205368042
23 0.834941864014
23 0.885963439941
23 0.818014144897
23 0.814914703369
23 0.833988189697
23 0.81992149353
23 0.82802772522
23 0.823974609375
23 0.824928283691
23 0.827074050903
23 0.828981399536
23 0.855922698975
23 0.834941864014
23 0.834941864014
23 0.833988189697
23 0.838041305542
23 0.843048095703
23 0.842094421387
23 0.838041305542
23 0.866174697876
23 0.916957855225
23 0.847101211548
23 0.848054885864
23 0.874042510986
23 0.873804092407
23 0.952959060669
23 0.874996185303
23 0.892162322998
23 0.855922698975
23 0.858783721924
23 0.947952270508
23 0.88906288147
23 0.884056091309
23 0.866889953613
23 0.900030136108
23 0.870943069458
23 0.869989395142
23 0.872135162354
23 0.88095664978
23 0.957012176514
23 0.87308883667
23 0.910997390747
23 0.876903533936
23 0.885963439941
23 0.885009765625
23 0.885009765625
23 0.884056091309
23 0.893115997314
23 0.931978225708
23 0.887155532837
23 0.999927520752
23 0.891923904419
23 1.01613998413
23 0.918865203857
23 0.919818878174
23 0.922918319702
23 0.948905944824
23 0.924825668335
23 0.921010971069
23 0.90503692627
23 0.934839248657
23 0.906944274902
23 0.925064086914
23 0.940084457397
23 0.946998596191
23 0.961065292358
23 0.96321105957
23 0.919103622437
23 0.91814994812
23 0.921964645386
23 0.921010971069
23 0.921964645386
23 0.96607208252
23 0.931978225708
23 0.95009803772
23 0.948190689087
23 0.931978225708
23 0.937938690186
23 0.933885574341
23 0.936031341553
23 0.935077667236
23 0.939130783081
22 0.940084457397
22 0.962018966675
22 0.941038131714
22 0.942945480347
22 0.958204269409
22 0.946044921875
22 0.955104827881
22 0.953912734985
22 1.00111961365
22 0.953912734985
22 1.02090835571
22 0.986099243164
22 0.971078872681
22 0.959873199463
22 0.967025756836
22 0.962972640991
22 0.979900360107
22 0.993013381958
22 0.98705291748
22 1.0130405426
22 1.10101699829
22 0.992059707642
22 0.972986221313
22 0.97393989563
22 0.986099243164
22 1.02210044861
22 1.02710723877
22 0.982046127319
22 1.08885765076
22 1.11794471741
22 1.02710723877
22 0.983953475952
22 1.02996826172
22 0.98991394043
21 1.05595588684
21 1.03616714478
21 0.993967056274
21 1.00493431091
21 0.997066497803
21 1.05500221252
21 1.00207328796
21 1.00302696228
21 1.0449886322
21 1.08289718628
21 1.04999542236
21 1.0290145874
21 1.00779533386
21 1.01399421692
21 1.0130405426
21 1.06501579285
21 1.01590156555
21 1.09481811523
21 1.02281570435
21 1.02186203003
21 1.01900100708
21 1.05690956116
21 1.02400779724
21 1.13916397095
21 1.1088848114
21 1.06716156006
21 1.06501579285
21 1.06596946716
21 1.0449886322
21 1.03616714478
21 1.03688240051
21 1.04117393494
21 1.0449886322
21 1.1670589447
21 1.0449886322
21 1.04689598083
21 1.05714797974
21 1.04713439941
21 1.04784965515
21 1.05881690979
21 1.14679336548
21 1.05404853821
21 1.05404853821
21 1.06501579285
21 1.05595588684
21 1.06000900269
21 1.06191635132
21 1.06501579285
21 1.10697746277
21 1.06501579285
21 1.07002258301
21 1.07598304749
21 1.1248588562
21 1.07097625732
21 1.07789039612
21 1.09910964966
21 1.14297866821
21 1.0781288147
21 1.08504295349
21 1.08003616333
21 1.08003616333
21 1.08599662781
21 1.08504295349
21 1.13582611084
21 1.13105773926
21 1.0941028595
21 1.09314918518
21 1.09601020813
21 1.09505653381
21 1.09791755676
21 1.14417076111
21 1.13296508789
21 1.1191368103
21 1.10006332397
20 1.10507011414
20 1.10101699829
20 1.11198425293
20 1.10912322998
20 1.15513801575
19 1.15609169006
19 1.15489959717
19 1.11317634583
19 1.11889839172
19 1.12509727478
19 1.12009048462
19 1.18708610535
19 1.15013122559
19 1.12509727478
19 1.17087364197
19 1.1260509491
19 1.13201141357
19 1.1260509491
19 1.13296508789
19 1.18112564087
19 1.1351108551
19 1.13487243652
19 1.13487243652
19 1.13987922668
19 1.14011764526
19 1.13797187805
19 1.2378692627
19 1.1420249939
19 1.14178657532
19 1.14798545837
19 1.20711326599
19 1.1510848999
19 1.15203857422
18 1.17588043213
18 1.15394592285
18 1.15609169006
18 1.16109848022
18 1.15704536438
18 1.1579990387
18 1.16205215454
18 1.2149810791
18 1.22094154358
18 1.16610527039
18 1.19304656982
18 1.17087364197
17 1.17802619934
17 1.30701065063
17 1.20091438293
17 1.21903419495
17 1.18184089661
17 1.18708610535
17 1.18398666382
17 1.19209289551
17 1.22499465942
17 1.22380256653
17 1.18899345398
17 1.19400024414
17 1.23190879822
17 1.19090080261
17 1.19280815125
17 1.20401382446
17 1.24096870422
17 1.25002861023
17 1.20115280151
17 1.20091438293
17 1.20306015015
17 1.27196311951
17 1.26194953918
17 1.23906135559
17 1.24597549438
17 1.20902061462
17 1.21283531189
17 1.2149810791
17 1.27005577087
17 1.25813484192
17 1.21688842773
17 1.25217437744
17 1.27005577087
17 1.25193595886
17 1.28698348999
17 1.26600265503
17 1.28102302551
17 1.30319595337
17 1.25193595886
17 1.28316879272
16 1.36590003967
16 1.23620033264
16 1.27482414246
16 1.24406814575
16 1.2378692627
16 1.24216079712
16 1.25503540039
16 1.29294395447
16 1.24406814575
16 1.33895874023
16 1.25288963318
16 1.25193595886
16 1.25312805176
16 1.26004219055
16 1.25288963318
16 1.26600265503
16 1.27387046814
16 1.25503540039
16 1.25789642334
16 1.30796432495
16 1.26504898071
16 1.31607055664
16 1.3530254364
16 1.28102302551
16 1.27410888672
16 1.27100944519
16 1.26814842224
16 1.32608413696
16 1.33204460144
16 1.36399269104
16 1.27506256104
16 1.28602981567
16 1.33299827576
16 1.28388404846
16 1.3370513916
16 1.32298469543
16 1.35803222656
16 1.39188766479
16 1.28817558289
16 1.29008293152
16 1.29795074463
16 1.3370513916
16 1.30009651184
16 1.37615203857
16 1.29914283752
16 1.30105018616
16 1.30391120911
16 1.33514404297
16 1.31893157959
16 1.31607055664
16 1.30891799927
16 1.30796432495
16 1.31487846375
16 1.3120174408
16 1.3370513916
16 1.31702423096
16 1.31702423096
16 1.31797790527
16 1.37615203857
16 1.32298469543
16 1.41477584839
16 1.32894515991
16 1.32393836975
16 1.36303901672
16 1.37495994568
16 1.37591362
16 1.37305259705
16 1.34205818176
16 1.33609771729
16 1.3370513916
16 1.34205818176
16 1.33514404297
16 1.47104263306
16 1.34897232056
16 1.39117240906
16 1.34801864624
16 1.35803222656
16 1.34992599487
16 1.44386291504
16 1.35898590088
16 1.35207176208
16 1.35397911072
16 1.35684013367
16 1.35397911072
16 1.45196914673
16 1.36804580688
16 1.41406059265
16 1.36280059814
16 1.37400627136
16 1.36590003967
16 1.41310691833
16 1.3689994812
16 1.37114524841
16 1.39904022217
16 1.37686729431
16 1.40786170959
16 1.4488697052
16 1.37805938721
16 1.38092041016
16 1.38902664185
16 1.43218040466
16 1.38902664185
16 1.47891044617
16 1.38998031616
16 1.4009475708
16 1.39403343201
16 1.52397155762
16 1.39999389648
16 1.39808654785
16 1.39999389648
16 1.42312049866
16 1.40118598938
16 1.40285491943
16 1.47795677185
16 1.40404701233
16 1.40714645386
16 1.42002105713
16 1.41000747681
16 1.41501426697
16 1.44505500793
16 1.44481658936
16 1.42097473145
16 1.41787528992
16 1.4169216156
16 1.42383575439
16 1.50895118713
16 1.42312049866
16 1.48296356201
16 1.4488697052
16 1.4271736145
16 1.45196914673
16 1.45888328552
16 1.43909454346
16 1.45196914673
16 1.4431476593
16 1.44505500793
16 1.4820098877
16 1.43909454346
16 1.44910812378
16 1.44791603088
16 1.57284736633
16 1.45196914673
16 1.53207778931
16 1.51801109314
16 1.4500617981
16 1.4591217041
16 1.45602226257
16 1.46317481995
16 1.50990486145
16 1.47104263306
16 1.46389007568
16 1.47390365601
16 1.46913528442
16 1.48510932922
16 1.54304504395
16 1.47008895874
16 1.47199630737
16 1.47294998169
16 1.47700309753
16 1.53207778931
16 1.48010253906
16 1.48105621338
16 1.48296356201
16 1.4820098877
16 1.54304504395
16 1.52802467346
16 1.48701667786
16 1.54399871826
16 1.48892402649
16 1.49393081665
16 1.54304504395
16 1.49512290955
16 1.49297714233
16 1.4979839325
16 1.62696838379
16 1.52492523193
16 1.53088569641
16 1.4979839325
16 1.5070438385
16 1.50513648987
16 1.56092643738
16 1.55019760132
16 1.50585174561
16 1.56092643738
16 1.51515007019
16 1.51395797729
16 1.58309936523
16 1.51896476746
16 1.5230178833
16 1.52087211609
16 1.52087211609
16 1.53303146362
16 1.56688690186
16 1.58214569092
16 1.53088569641
16 1.52993202209
16 1.60098075867
16 1.63793563843
16 1.53803825378
16 1.53803825378
16 1.5389919281
16 1.54805183411
16 1.54495239258
16 1.58214569092
16 1.58905982971
16 1.55186653137
16 1.68585777283
16 1.56378746033
16 1.63197517395
16 1.5561580658
16 1.54995918274
16 1.55878067017
16 1.55591964722
16 1.5971660614
16 1.56688690186
16 1.56116485596
16 1.56688690186
16 1.56402587891
16 1.65796279907
16 1.62315368652
16 1.56903266907
16 1.61790847778
16 1.57189369202
16 1.57785415649
16 1.62220001221
16 1.57499313354
16 1.58190727234
16 1.57690048218
16 1.62100791931
16 1.65104866028
16 1.58500671387
16 1.63698196411
16 1.58882141113
16 1.58786773682
16 1.64818763733
16 1.59192085266
16 1.60002708435
16 1.7261505127
16 1.59692764282
16 1.64604187012
16 1.6930103302
16 1.60503387451
16 1.60002708435
16 1.65700912476
16 1.64914131165
16 1.60503387451
16 1.61504745483
16 1.61099433899
16 1.63006782532
16 1.64413452148
16 1.61409378052
16 1.62291526794
16 1.61409378052
15 1.62220001221
15 1.66082382202
15 1.66988372803
15 1.62696838379
15 1.62982940674
15 1.67798995972
15 1.72400474548
15 1.63006782532
15 1.63102149963
15 1.63984298706
15 1.63698196411
15 1.67489051819
15 1.64079666138
15 1.63698196411
15 1.63793563843
15 1.76000595093
15 1.71494483948
15 1.69014930725
15 1.64699554443
15 1.65009498596
15 1.65414810181
15 1.68895721436
15 1.65510177612
15 1.65200233459
15 1.65891647339
15 1.65510177612
15 1.75404548645
15 1.66606903076
15 1.66511535645
15 1.66511535645
15 1.66201591492
15 1.71208381653
15 1.66392326355
15 1.66797637939
15 1.6770362854
15 1.67298316956
15 1.80196762085
15 1.74808502197
15 1.68108940125
15 1.68991088867
15 1.68609619141
15 1.77812576294
15 1.68991088867
15 1.81484222412
15 1.68299674988
15 1.77788734436
15 1.68704986572
15 1.68704986572
15 1.76000595093
15 1.68895721436
15 1.74403190613
15 1.69491767883
15 1.69706344604
15 1.71208381653
15 1.70516967773
15 1.74593925476
15 1.70278549194
15 1.70993804932
